
5월 09, 2023 20:51:11.103 NEW SESSION
5월 09, 2023 20:51:11.103 INFO: Created TensorFlow Lite XNNPACK delegate for CPU.

5월 12, 2023 11:07:00.139 NEW SESSION
5월 12, 2023 11:07:00.139 [10608:11440:0512/110700.116:ERROR:interface_endpoint_client.cc(696)] Message 1 rejected by interface blink.mojom.WidgetHost

5월 15, 2023 09:58:30.522 NEW SESSION
5월 15, 2023 09:58:30.523 [libprotobuf ERROR ..\..\third_party\protobuf\src\google\protobuf\message_lite.cc:133] Can't parse message of type "safe_browsing.ClientDownloadRequest" because it is missing required fields: (cannot determine missing fields for lite message)

5월 16, 2023 13:07:01.839 NEW SESSION
5월 16, 2023 13:07:01.839 [6488:5820:0516/130701.835:ERROR:CONSOLE(1)] "Request Network.setUserAgentOverride failed. {"code":-32602,"message":"Empty userAgent invalid with userAgentMetadata provided"}", source: devtools://devtools/bundled/devtools-frontend/front_end/core/protocol_client/protocol_client.js (1)
5월 16, 2023 13:07:01.840 [6488:5820:0516/130701.837:ERROR:CONSOLE(1)] "Request Network.setUserAgentOverride failed. {"code":-32602,"message":"Empty userAgent invalid with userAgentMetadata provided"}", source: devtools://devtools/bundled/devtools-frontend/front_end/core/protocol_client/protocol_client.js (1)
5월 16, 2023 13:17:11.475 [6488:5820:0516/131711.475:ERROR:CONSOLE(1)] "Request Network.setUserAgentOverride failed. {"code":-32602,"message":"Empty userAgent invalid with userAgentMetadata provided"}", source: devtools://devtools/bundled/devtools-frontend/front_end/core/protocol_client/protocol_client.js (1)
5월 16, 2023 13:17:11.552 [6488:5820:0516/131711.551:ERROR:CONSOLE(1)] "Request Network.setUserAgentOverride failed. {"code":-32602,"message":"Empty userAgent invalid with userAgentMetadata provided"}", source: devtools://devtools/bundled/devtools-frontend/front_end/core/protocol_client/protocol_client.js (1)
5월 16, 2023 13:17:11.577 [6488:5820:0516/131711.577:ERROR:CONSOLE(1)] "Request Network.setUserAgentOverride failed. {"code":-32602,"message":"Empty userAgent invalid with userAgentMetadata provided"}", source: devtools://devtools/bundled/devtools-frontend/front_end/core/protocol_client/protocol_client.js (1)
5월 16, 2023 14:38:47.538 [6488:5820:0516/143847.537:ERROR:CONSOLE(1)] "Request Network.setUserAgentOverride failed. {"code":-32602,"message":"Empty userAgent invalid with userAgentMetadata provided"}", source: devtools://devtools/bundled/devtools-frontend/front_end/core/protocol_client/protocol_client.js (1)
5월 16, 2023 14:38:47.539 [6488:5820:0516/143847.537:ERROR:CONSOLE(1)] "Request Network.setUserAgentOverride failed. {"code":-32602,"message":"Empty userAgent invalid with userAgentMetadata provided"}", source: devtools://devtools/bundled/devtools-frontend/front_end/core/protocol_client/protocol_client.js (1)
5월 16, 2023 14:38:47.539 [6488:5820:0516/143847.539:ERROR:CONSOLE(1)] "Request Network.setUserAgentOverride failed. {"code":-32602,"message":"Empty userAgent invalid with userAgentMetadata provided"}", source: devtools://devtools/bundled/devtools-frontend/front_end/core/protocol_client/protocol_client.js (1)
5월 16, 2023 14:38:47.540 [6488:5820:0516/143847.539:ERROR:CONSOLE(1)] "Request Network.setUserAgentOverride failed. {"code":-32602,"message":"Empty userAgent invalid with userAgentMetadata provided"}", source: devtools://devtools/bundled/devtools-frontend/front_end/core/protocol_client/protocol_client.js (1)
5월 16, 2023 14:38:47.540 [6488:5820:0516/143847.540:ERROR:CONSOLE(1)] "Request Network.setUserAgentOverride failed. {"code":-32602,"message":"Empty userAgent invalid with userAgentMetadata provided"}", source: devtools://devtools/bundled/devtools-frontend/front_end/core/protocol_client/protocol_client.js (1)
5월 16, 2023 14:38:47.540 [6488:5820:0516/143847.540:ERROR:CONSOLE(1)] "Request Network.setUserAgentOverride failed. {"code":-32602,"message":"Empty userAgent invalid with userAgentMetadata provided"}", source: devtools://devtools/bundled/devtools-frontend/front_end/core/protocol_client/protocol_client.js (1)
5월 16, 2023 14:45:01.76 [6488:5820:0516/144501.075:ERROR:device_event_log_impl.cc(222)] [14:45:01.075] USB: usb_service_win.cc:307 SetupDiEnumDeviceInterfaces: 사용 가능한 데이터가 없습니다. (0x103)
5월 16, 2023 14:47:35.226 [6488:10980:0516/144735.225:ERROR:connection_factory_impl.cc(471)] ConnectionHandler failed with net error: -2
5월 16, 2023 14:47:35.346 [6488:10980:0516/144735.346:ERROR:connection_factory_impl.cc(428)] Failed to connect to MCS endpoint with error -105
5월 16, 2023 15:04:18.262 [6488:5820:0516/150418.262:ERROR:CONSOLE(1)] "Request Network.setUserAgentOverride failed. {"code":-32602,"message":"Empty userAgent invalid with userAgentMetadata provided"}", source: devtools://devtools/bundled/devtools-frontend/front_end/core/protocol_client/protocol_client.js (1)
5월 16, 2023 15:04:18.264 [6488:5820:0516/150418.263:ERROR:CONSOLE(1)] "Request Network.setUserAgentOverride failed. {"code":-32602,"message":"Empty userAgent invalid with userAgentMetadata provided"}", source: devtools://devtools/bundled/devtools-frontend/front_end/core/protocol_client/protocol_client.js (1)
5월 16, 2023 15:04:18.265 [6488:5820:0516/150418.264:ERROR:CONSOLE(1)] "Request Network.setUserAgentOverride failed. {"code":-32602,"message":"Empty userAgent invalid with userAgentMetadata provided"}", source: devtools://devtools/bundled/devtools-frontend/front_end/core/protocol_client/protocol_client.js (1)
5월 16, 2023 15:04:18.265 [6488:5820:0516/150418.264:ERROR:CONSOLE(1)] "Request Network.setUserAgentOverride failed. {"code":-32602,"message":"Empty userAgent invalid with userAgentMetadata provided"}", source: devtools://devtools/bundled/devtools-frontend/front_end/core/protocol_client/protocol_client.js (1)
5월 16, 2023 15:04:18.266 [6488:5820:0516/150418.265:ERROR:CONSOLE(1)] "Request Network.setUserAgentOverride failed. {"code":-32602,"message":"Empty userAgent invalid with userAgentMetadata provided"}", source: devtools://devtools/bundled/devtools-frontend/front_end/core/protocol_client/protocol_client.js (1)
5월 16, 2023 15:04:18.282 [6488:5820:0516/150418.281:ERROR:CONSOLE(1)] "Request Network.setUserAgentOverride failed. {"code":-32602,"message":"Empty userAgent invalid with userAgentMetadata provided"}", source: devtools://devtools/bundled/devtools-frontend/front_end/core/protocol_client/protocol_client.js (1)
5월 16, 2023 15:10:19.579 [6488:5820:0516/151019.578:ERROR:CONSOLE(1)] "Request Network.setUserAgentOverride failed. {"code":-32602,"message":"Empty userAgent invalid with userAgentMetadata provided"}", source: devtools://devtools/bundled/devtools-frontend/front_end/core/protocol_client/protocol_client.js (1)
5월 16, 2023 15:13:50.456 [6488:5820:0516/151350.456:ERROR:CONSOLE(1)] "Cannot find context with specified id", source: devtools://devtools/bundled/devtools-frontend/front_end/core/sdk/sdk.js (1)
5월 16, 2023 15:13:51.972 [6488:5820:0516/151351.971:ERROR:CONSOLE(1)] "Cannot find context with specified id", source: devtools://devtools/bundled/devtools-frontend/front_end/core/sdk/sdk.js (1)
5월 16, 2023 19:22:06.356 [6488:5820:0516/192206.355:ERROR:CONSOLE(1)] "Request Network.setUserAgentOverride failed. {"code":-32602,"message":"Empty userAgent invalid with userAgentMetadata provided"}", source: devtools://devtools/bundled/devtools-frontend/front_end/core/protocol_client/protocol_client.js (1)
5월 16, 2023 19:22:06.407 [6488:5820:0516/192206.407:ERROR:CONSOLE(1)] "Request Network.setUserAgentOverride failed. {"code":-32602,"message":"Empty userAgent invalid with userAgentMetadata provided"}", source: devtools://devtools/bundled/devtools-frontend/front_end/core/protocol_client/protocol_client.js (1)
5월 16, 2023 19:22:06.419 [6488:5820:0516/192206.419:ERROR:CONSOLE(1)] "Request Network.setUserAgentOverride failed. {"code":-32602,"message":"Empty userAgent invalid with userAgentMetadata provided"}", source: devtools://devtools/bundled/devtools-frontend/front_end/core/protocol_client/protocol_client.js (1)
5월 16, 2023 19:47:13.672 [6488:5820:0516/194713.672:ERROR:CONSOLE(1)] "Request Network.setUserAgentOverride failed. {"code":-32602,"message":"Empty userAgent invalid with userAgentMetadata provided"}", source: devtools://devtools/bundled/devtools-frontend/front_end/core/protocol_client/protocol_client.js (1)
5월 16, 2023 19:47:13.718 [6488:5820:0516/194713.717:ERROR:CONSOLE(1)] "Request Network.setUserAgentOverride failed. {"code":-32602,"message":"Empty userAgent invalid with userAgentMetadata provided"}", source: devtools://devtools/bundled/devtools-frontend/front_end/core/protocol_client/protocol_client.js (1)
5월 16, 2023 19:47:13.730 [6488:5820:0516/194713.730:ERROR:CONSOLE(1)] "Request Network.setUserAgentOverride failed. {"code":-32602,"message":"Empty userAgent invalid with userAgentMetadata provided"}", source: devtools://devtools/bundled/devtools-frontend/front_end/core/protocol_client/protocol_client.js (1)
5월 16, 2023 20:23:34.211 [6488:5820:0516/202334.210:ERROR:CONSOLE(1)] "Request Network.setUserAgentOverride failed. {"code":-32602,"message":"Empty userAgent invalid with userAgentMetadata provided"}", source: devtools://devtools/bundled/devtools-frontend/front_end/core/protocol_client/protocol_client.js (1)
